
    ____        ____
   / __ \____ _/ / /_  __
  / /_/ / __ `/ / / / / /
 / _, _/ /_/ / / / /_/ /
/_/ |_|\__,_/_/_/\__, /
                /____/

[INFO] Race id is [1ae7eff9-65b9-4300-a97a-739b15cb89ae]

---------------------------------
[INFO] SUCCESS (took 100 seconds)
---------------------------------

    ____        ____
   / __ \____ _/ / /_  __
  / /_/ / __ `/ / / / / /
 / _, _/ /_/ / / / /_/ /
/_/ |_|\__,_/_/_/\__, /
                /____/

[INFO] Race id is [160ccf75-f8d1-4e73-8d19-adf6c9cc1870]

---------------------------------
[INFO] SUCCESS (took 188 seconds)
---------------------------------

    ____        ____
   / __ \____ _/ / /_  __
  / /_/ / __ `/ / / / / /
 / _, _/ /_/ / / / /_/ /
/_/ |_|\__,_/_/_/\__, /
                /____/

[INFO] Race id is [76802874-52c3-4771-b76a-8c29045e78cc]

--------------------------------
[INFO] SUCCESS (took 96 seconds)
--------------------------------

    ____        ____
   / __ \____ _/ / /_  __
  / /_/ / __ `/ / / / / /
 / _, _/ /_/ / / / /_/ /
/_/ |_|\__,_/_/_/\__, /
                /____/

[INFO] Race id is [71c94e8d-ac3e-4028-97df-7ca84cbac3c6]
[INFO] Aborted race. User has cancelled the benchmark (detected by race control).

--------------------------------
[INFO] ABORTED (took 32 seconds)
--------------------------------
